<?xml version="1.0" encoding="UTF-8"?>
<testng-results ignored="0" total="6" passed="5" failed="1" skipped="0">
  <reporter-output>
  </reporter-output>
  <suite started-at="2025-06-15T13:49:01 IST" name="Suite" finished-at="2025-06-15T13:49:31 IST" duration-ms="30062">
    <groups>
    </groups>
    <test started-at="2025-06-15T13:49:01 IST" name="Test" finished-at="2025-06-15T13:49:31 IST" duration-ms="30062">
      <class name="TestCase.UserFlow">
        <test-method is-config="true" signature="setup()[pri:0, instance:TestCase.UserFlow@5bf0d49]" started-at="2025-06-15T13:49:01 IST" name="setup" finished-at="2025-06-15T13:49:08 IST" duration-ms="7223" status="PASS">
          <reporter-output>
          </reporter-output>
        </test-method> <!-- setup -->
        <test-method signature="clickSignUp()[pri:1, instance:TestCase.UserFlow@5bf0d49]" started-at="2025-06-15T13:49:08 IST" name="clickSignUp" finished-at="2025-06-15T13:49:08 IST" duration-ms="110" status="PASS">
          <reporter-output>
          </reporter-output>
        </test-method> <!-- clickSignUp -->
        <test-method signature="fillForm()[pri:2, instance:TestCase.UserFlow@5bf0d49]" started-at="2025-06-15T13:49:08 IST" name="fillForm" finished-at="2025-06-15T13:49:14 IST" duration-ms="5446" status="PASS">
          <reporter-output>
          </reporter-output>
        </test-method> <!-- fillForm -->
        <test-method signature="signinTest()[pri:3, instance:TestCase.UserFlow@5bf0d49]" started-at="2025-06-15T13:49:14 IST" name="signinTest" finished-at="2025-06-15T13:49:17 IST" duration-ms="3204" status="PASS">
          <reporter-output>
          </reporter-output>
        </test-method> <!-- signinTest -->
        <test-method signature="crateNotes()[pri:4, instance:TestCase.UserFlow@5bf0d49]" started-at="2025-06-15T13:49:17 IST" name="crateNotes" finished-at="2025-06-15T13:49:21 IST" duration-ms="3991" status="PASS">
          <reporter-output>
          </reporter-output>
        </test-method> <!-- crateNotes -->
        <test-method signature="testTodo()[pri:5, instance:TestCase.UserFlow@5bf0d49]" started-at="2025-06-15T13:49:21 IST" name="testTodo" finished-at="2025-06-15T13:49:22 IST" duration-ms="1106" status="FAIL">
          <exception class="org.openqa.selenium.ElementClickInterceptedException">
            <message>
              <![CDATA[element click intercepted: Element <img alt="Profile" class="w-10 h-10 rounded-full border-2 border-primary-600 object-cover" title="John" src="https://res.cloudinary.com/dfrhy6m3m/image/upload/v1744379058/gfkfrpt2ajat4iswcrxg.webp"> is not clickable at point (1347, 35). Other element would receive the click: <div id="3" tabindex="0" data-in="true" class="Toastify__toast Toastify__toast-theme--light Toastify__toast--success" role="alert">...</div>
  (Session info: chrome=137.0.7151.104)
Build info: version: '4.27.0', revision: 'd6e718d134'
System info: os.name: 'Windows 11', os.arch: 'amd64', os.version: '10.0', java.version: '21.0.5'
Driver info: org.openqa.selenium.chrome.ChromeDriver
Command: [4b9d43d9deb5c38d994d868a498f4306, clickElement {id=f.EC96DC566232CE25C3FBE7FB450996F0.d.CDA4BA5C50008C84078EBAD3396E21E8.e.41}]
Capabilities {acceptInsecureCerts: false, browserName: chrome, browserVersion: 137.0.7151.104, chrome: {chromedriverVersion: 137.0.7151.70 (dfa4dc56b2ab..., userDataDir: C:\Users\SHUBHA~1.YET\AppDa...}, fedcm:accounts: true, goog:chromeOptions: {debuggerAddress: localhost:53730}, networkConnectionEnabled: false, pageLoadStrategy: normal, platformName: windows, proxy: Proxy(), se:cdp: ws://localhost:53730/devtoo..., se:cdpVersion: 137.0.7151.104, setWindowRect: true, strictFileInteractability: false, timeouts: {implicit: 0, pageLoad: 300000, script: 30000}, unhandledPromptBehavior: dismiss and notify, webauthn:extension:credBlob: true, webauthn:extension:largeBlob: true, webauthn:extension:minPinLength: true, webauthn:extension:prf: true, webauthn:virtualAuthenticators: true}
Element: [[ChromeDriver: chrome on windows (4b9d43d9deb5c38d994d868a498f4306)] -> xpath: //img[@title='John']]
Session ID: 4b9d43d9deb5c38d994d868a498f4306]]>
            </message>
            <full-stacktrace>
              <![CDATA[org.openqa.selenium.ElementClickInterceptedException: element click intercepted: Element <img alt="Profile" class="w-10 h-10 rounded-full border-2 border-primary-600 object-cover" title="John" src="https://res.cloudinary.com/dfrhy6m3m/image/upload/v1744379058/gfkfrpt2ajat4iswcrxg.webp"> is not clickable at point (1347, 35). Other element would receive the click: <div id="3" tabindex="0" data-in="true" class="Toastify__toast Toastify__toast-theme--light Toastify__toast--success" role="alert">...</div>
  (Session info: chrome=137.0.7151.104)
Build info: version: '4.27.0', revision: 'd6e718d134'
System info: os.name: 'Windows 11', os.arch: 'amd64', os.version: '10.0', java.version: '21.0.5'
Driver info: org.openqa.selenium.chrome.ChromeDriver
Command: [4b9d43d9deb5c38d994d868a498f4306, clickElement {id=f.EC96DC566232CE25C3FBE7FB450996F0.d.CDA4BA5C50008C84078EBAD3396E21E8.e.41}]
Capabilities {acceptInsecureCerts: false, browserName: chrome, browserVersion: 137.0.7151.104, chrome: {chromedriverVersion: 137.0.7151.70 (dfa4dc56b2ab..., userDataDir: C:\Users\SHUBHA~1.YET\AppDa...}, fedcm:accounts: true, goog:chromeOptions: {debuggerAddress: localhost:53730}, networkConnectionEnabled: false, pageLoadStrategy: normal, platformName: windows, proxy: Proxy(), se:cdp: ws://localhost:53730/devtoo..., se:cdpVersion: 137.0.7151.104, setWindowRect: true, strictFileInteractability: false, timeouts: {implicit: 0, pageLoad: 300000, script: 30000}, unhandledPromptBehavior: dismiss and notify, webauthn:extension:credBlob: true, webauthn:extension:largeBlob: true, webauthn:extension:minPinLength: true, webauthn:extension:prf: true, webauthn:virtualAuthenticators: true}
Element: [[ChromeDriver: chrome on windows (4b9d43d9deb5c38d994d868a498f4306)] -> xpath: //img[@title='John']]
Session ID: 4b9d43d9deb5c38d994d868a498f4306
at java.base/jdk.internal.reflect.DirectConstructorHandleAccessor.newInstance(DirectConstructorHandleAccessor.java:62)
at java.base/java.lang.reflect.Constructor.newInstanceWithCaller(Constructor.java:502)
at java.base/java.lang.reflect.Constructor.newInstance(Constructor.java:486)
at org.openqa.selenium.remote.ErrorCodec.decode(ErrorCodec.java:167)
at org.openqa.selenium.remote.codec.w3c.W3CHttpResponseCodec.decode(W3CHttpResponseCodec.java:138)
at org.openqa.selenium.remote.codec.w3c.W3CHttpResponseCodec.decode(W3CHttpResponseCodec.java:50)
at org.openqa.selenium.remote.HttpCommandExecutor.execute(HttpCommandExecutor.java:190)
at org.openqa.selenium.remote.service.DriverCommandExecutor.invokeExecute(DriverCommandExecutor.java:216)
at org.openqa.selenium.remote.service.DriverCommandExecutor.execute(DriverCommandExecutor.java:174)
at org.openqa.selenium.remote.RemoteWebDriver.execute(RemoteWebDriver.java:545)
at org.openqa.selenium.remote.RemoteWebElement.execute(RemoteWebElement.java:223)
at org.openqa.selenium.remote.RemoteWebElement.click(RemoteWebElement.java:76)
at java.base/jdk.internal.reflect.DirectMethodHandleAccessor.invoke(DirectMethodHandleAccessor.java:103)
at java.base/java.lang.reflect.Method.invoke(Method.java:580)
at org.openqa.selenium.support.pagefactory.internal.LocatingElementHandler.invoke(LocatingElementHandler.java:51)
at jdk.proxy2/jdk.proxy2.$Proxy12.click(Unknown Source)
at PageObjects.DashBoard.clickProfileIcon(DashBoard.java:19)
at TestCase.UserFlow.testTodo(UserFlow.java:76)
at java.base/jdk.internal.reflect.DirectMethodHandleAccessor.invoke(DirectMethodHandleAccessor.java:103)
at java.base/java.lang.reflect.Method.invoke(Method.java:580)
at org.testng.internal.invokers.MethodInvocationHelper.invokeMethod(MethodInvocationHelper.java:141)
at org.testng.internal.invokers.TestInvoker.invokeMethod(TestInvoker.java:686)
at org.testng.internal.invokers.TestInvoker.invokeTestMethod(TestInvoker.java:230)
at org.testng.internal.invokers.MethodRunner.runInSequence(MethodRunner.java:63)
at org.testng.internal.invokers.TestInvoker$MethodInvocationAgent.invoke(TestInvoker.java:992)
at org.testng.internal.invokers.TestInvoker.invokeTestMethods(TestInvoker.java:203)
at org.testng.internal.invokers.TestMethodWorker.invokeTestMethods(TestMethodWorker.java:154)
at org.testng.internal.invokers.TestMethodWorker.run(TestMethodWorker.java:134)
at java.base/java.util.ArrayList.forEach(ArrayList.java:1596)
at org.testng.TestRunner.privateRun(TestRunner.java:739)
at org.testng.TestRunner.run(TestRunner.java:614)
at org.testng.SuiteRunner.runTest(SuiteRunner.java:421)
at org.testng.SuiteRunner.runSequentially(SuiteRunner.java:413)
at org.testng.SuiteRunner.privateRun(SuiteRunner.java:373)
at org.testng.SuiteRunner.run(SuiteRunner.java:312)
at org.testng.SuiteRunnerWorker.runSuite(SuiteRunnerWorker.java:52)
at org.testng.SuiteRunnerWorker.run(SuiteRunnerWorker.java:95)
at org.testng.TestNG.runSuitesSequentially(TestNG.java:1274)
at org.testng.TestNG.runSuitesLocally(TestNG.java:1208)
at org.testng.TestNG.runSuites(TestNG.java:1112)
at org.testng.TestNG.run(TestNG.java:1079)
at org.testng.remote.AbstractRemoteTestNG.run(AbstractRemoteTestNG.java:115)
at org.testng.remote.RemoteTestNG.initAndRun(RemoteTestNG.java:293)
at org.testng.remote.RemoteTestNG.main(RemoteTestNG.java:91)
]]>
            </full-stacktrace>
          </exception> <!-- org.openqa.selenium.ElementClickInterceptedException -->
          <reporter-output>
          </reporter-output>
        </test-method> <!-- testTodo -->
        <test-method signature="logout()[pri:6, instance:TestCase.UserFlow@5bf0d49]" started-at="2025-06-15T13:49:22 IST" name="logout" finished-at="2025-06-15T13:49:31 IST" duration-ms="8786" status="PASS">
          <reporter-output>
          </reporter-output>
        </test-method> <!-- logout -->
        <test-method is-config="true" signature="tearDown()[pri:0, instance:TestCase.UserFlow@5bf0d49]" started-at="2025-06-15T13:49:31 IST" name="tearDown" finished-at="2025-06-15T13:49:31 IST" duration-ms="120" status="PASS">
          <reporter-output>
          </reporter-output>
        </test-method> <!-- tearDown -->
      </class> <!-- TestCase.UserFlow -->
    </test> <!-- Test -->
  </suite> <!-- Suite -->
</testng-results>
